{
  "stats": {
    "suites": 1,
    "tests": 3,
    "passes": 3,
    "pending": 0,
    "failures": 0,
    "start": "2025-10-31T13:35:05.526Z",
    "end": "2025-10-31T13:35:11.307Z",
    "duration": 5781,
    "testsRegistered": 3,
    "passPercent": 100,
    "pendingPercent": 0,
    "other": 0,
    "hasOther": false,
    "skipped": 0,
    "hasSkipped": false
  },
  "results": [
    {
      "uuid": "b844d3f9-2bb7-47d4-890e-5b95b3dcaafd",
      "title": "",
      "fullFile": "cypress\\e2e\\produtos.cy.js",
      "file": "cypress\\e2e\\produtos.cy.js",
      "beforeHooks": [],
      "afterHooks": [],
      "tests": [],
      "suites": [
        {
          "uuid": "331db820-fce8-4778-b867-454fe5ce3d3a",
          "title": "FLX-002 - Navegação e Exibição de Produtos",
          "fullFile": "",
          "file": "",
          "beforeHooks": [],
          "afterHooks": [],
          "tests": [
            {
              "title": "TST-005 - Listagem de produtos",
              "fullTitle": "FLX-002 - Navegação e Exibição de Produtos TST-005 - Listagem de produtos",
              "timedOut": null,
              "duration": 1830,
              "state": "passed",
              "speed": "fast",
              "pass": true,
              "fail": false,
              "pending": false,
              "context": null,
              "code": "/** \n * Dado que o usuário acessa /inventory.html  \n * quando a página terminar de carregar  \n * então os cards de produto devem mostrar imagem, nome e preço; \n * */\n//Verifica se tem pelo menos um item\ncy.get('.inventory_item', {\n  timeout: 10000\n}).should('have.length.greaterThan', 0);\ncy.get('.inventory_item').first().within(() => {\n  //Se mostra o nome\n  cy.get('.inventory_item_name').should('be.visible');\n  //Se mostra o preço\n  cy.get('.inventory_item_price').should('be.visible');\n  //E se tem imagem\n  cy.get('img').should('have.attr', 'src').and('not.be.empty');\n});",
              "err": {},
              "uuid": "9e77602d-5215-4dd8-a03b-d43183706e35",
              "parentUUID": "331db820-fce8-4778-b867-454fe5ce3d3a",
              "isHook": false,
              "skipped": false
            },
            {
              "title": "TST-006 - Detalhe do produto",
              "fullTitle": "FLX-002 - Navegação e Exibição de Produtos TST-006 - Detalhe do produto",
              "timedOut": null,
              "duration": 1198,
              "state": "passed",
              "speed": "fast",
              "pass": true,
              "fail": false,
              "pending": false,
              "context": null,
              "code": "/**\n * \n * Dado que existe um produto na listagem  \n * quando o usuário clicar no card do produto\n * então abrirá a página de detalhe contendo descrição, preço e botão \"Add to cart\"\n */\n// navegar por clique (evita problemas de acesso direto)\ncy.get('.inventory_item_name').first().click();\ncy.url().should('include', '/inventory-item.html');\ncy.get('.inventory_details_name').should('be.visible');\ncy.get('.inventory_details_desc').should('be.visible');\ncy.get('button').contains(/add to cart/i).should('be.visible');",
              "err": {},
              "uuid": "0db44579-8ff0-4d2d-be64-5fb6ad56fea8",
              "parentUUID": "331db820-fce8-4778-b867-454fe5ce3d3a",
              "isHook": false,
              "skipped": false
            },
            {
              "title": "TST-006 - Detalhe do produto",
              "fullTitle": "FLX-002 - Navegação e Exibição de Produtos TST-006 - Detalhe do produto",
              "timedOut": null,
              "duration": 1015,
              "state": "passed",
              "speed": "fast",
              "pass": true,
              "fail": false,
              "pending": false,
              "context": null,
              "code": "// Validar atributos alt em imagens e existência de seletores/data-test para estabilidade de automação.\ncy.get('img').each($img => {\n  cy.wrap($img).should('have.attr', 'alt').and('not.be.empty');\n});\ncy.get('[data-test]').should('exist');",
              "err": {},
              "uuid": "77129494-0acf-45ee-a203-aa6c5fb11966",
              "parentUUID": "331db820-fce8-4778-b867-454fe5ce3d3a",
              "isHook": false,
              "skipped": false
            }
          ],
          "suites": [],
          "passes": [
            "9e77602d-5215-4dd8-a03b-d43183706e35",
            "0db44579-8ff0-4d2d-be64-5fb6ad56fea8",
            "77129494-0acf-45ee-a203-aa6c5fb11966"
          ],
          "failures": [],
          "pending": [],
          "skipped": [],
          "duration": 4043,
          "root": false,
          "rootEmpty": false,
          "_timeout": 2000
        }
      ],
      "passes": [],
      "failures": [],
      "pending": [],
      "skipped": [],
      "duration": 0,
      "root": true,
      "rootEmpty": true,
      "_timeout": 2000
    }
  ],
  "meta": {
    "mocha": {
      "version": "7.2.0"
    },
    "mochawesome": {
      "options": {
        "quiet": false,
        "reportFilename": "mochawesome",
        "saveHtml": false,
        "saveJson": true,
        "consoleReporter": "spec",
        "useInlineDiffs": false,
        "code": true
      },
      "version": "7.1.4"
    },
    "marge": {
      "options": {
        "reportDir": "cypress/results",
        "overwrite": false,
        "html": false,
        "json": true
      },
      "version": "6.3.0"
    }
  }
}